{
  "RSpec": {
    "coverage": {
      "/Users/emily/Desktop/Projects/borisbikesjune/spec/bike_spec.rb": {
        "lines": [
          1,
          null,
          1,
          null,
          5,
          null,
          1,
          null,
          2,
          null,
          1,
          1,
          null,
          null,
          null,
          null,
          1,
          1,
          1,
          1,
          null,
          null,
          null,
          1,
          1,
          1,
          1,
          null,
          null,
          null,
          1,
          1,
          1,
          1,
          null,
          null,
          null,
          null
        ]
      },
      "/Users/emily/Desktop/Projects/borisbikesjune/lib/bike.rb": {
        "lines": [
          null,
          1,
          null,
          1,
          null,
          1,
          5,
          null,
          null,
          1,
          1,
          null,
          null,
          1,
          1,
          null,
          null,
          1,
          1,
          null,
          null,
          1,
          1,
          null,
          null,
          null
        ]
      },
      "/Users/emily/Desktop/Projects/borisbikesjune/spec/docking_station_spec.rb": {
        "lines": [
          1,
          null,
          1,
          null,
          8,
          6,
          null,
          null,
          null,
          1,
          null,
          2,
          null,
          null,
          1,
          1,
          1,
          1,
          null,
          null,
          1,
          2,
          null,
          null,
          1,
          1,
          1,
          2,
          null,
          null,
          null,
          1,
          1,
          1,
          1,
          null,
          null,
          1,
          6,
          2,
          null,
          null,
          null,
          null,
          1,
          1,
          1,
          1,
          null,
          null,
          null,
          1,
          1,
          1,
          null,
          null,
          null,
          null
        ]
      },
      "/Users/emily/Desktop/Projects/borisbikesjune/lib/dockingstation.rb": {
        "lines": [
          1,
          1,
          null,
          1,
          null,
          1,
          null,
          1,
          null,
          1,
          8,
          8,
          8,
          null,
          null,
          1,
          9,
          8,
          null,
          null,
          null,
          1,
          3,
          2,
          1,
          0,
          null,
          1,
          null,
          null,
          null,
          1,
          1,
          null,
          null,
          1,
          null,
          1,
          9,
          null,
          null,
          1,
          3,
          null,
          null,
          1,
          2,
          null,
          null,
          null,
          null
        ]
      },
      "/Users/emily/Desktop/Projects/borisbikesjune/lib/van.rb": {
        "lines": [
          1,
          1,
          1,
          null,
          1,
          null,
          1,
          null,
          1,
          12,
          12,
          null,
          null,
          1,
          2,
          null,
          null,
          1,
          1,
          null,
          null,
          1,
          2,
          null,
          null,
          1,
          2,
          null,
          null,
          null
        ]
      },
      "/Users/emily/Desktop/Projects/borisbikesjune/lib/garage.rb": {
        "lines": [
          1,
          null,
          1,
          null,
          1,
          null,
          1,
          13,
          null,
          null,
          1,
          2,
          null,
          null,
          1,
          1,
          null,
          null,
          1,
          1,
          null,
          null,
          null
        ]
      },
      "/Users/emily/Desktop/Projects/borisbikesjune/spec/garage_spec.rb": {
        "lines": [
          1,
          null,
          1,
          null,
          2,
          2,
          null,
          1,
          1,
          1,
          1,
          1,
          1,
          1,
          1,
          null,
          null,
          null
        ]
      },
      "/Users/emily/Desktop/Projects/borisbikesjune/spec/van_spec.rb": {
        "lines": [
          1,
          1,
          null,
          1,
          null,
          5,
          1,
          1,
          5,
          null,
          1,
          1,
          1,
          1,
          1,
          null,
          null,
          null,
          1,
          1,
          1,
          1,
          1,
          1,
          null,
          null,
          null,
          1,
          1,
          1,
          1,
          null,
          null,
          null,
          1,
          1,
          1,
          1,
          1,
          null,
          null,
          null,
          null
        ]
      }
    },
    "timestamp": 1592251092
  }
}
